# JRE version: OpenJDK Runtime Environment (8.0_312-b07) (build 1.8.0_312-b07)
# Java VM: OpenJDK 64-Bit Server VM (25.312-b07 mixed mode windows-amd64 compressed oops)
Heap:
 PSYoungGen      total 294912K, used 159151K [0x000000076b500000, 0x000000078ae80000, 0x00000007c0000000)
  eden space 203264K, 33% used [0x000000076b500000,0x000000076f6efbb0,0x0000000777b80000)
  from space 91648K, 99% used [0x0000000785500000,0x000000078ae7c050,0x000000078ae80000)
  to   space 85504K, 0% used [0x0000000777b80000,0x0000000777b80000,0x000000077cf00000)
 ParOldGen       total 188928K, used 78871K [0x00000006c1e00000, 0x00000006cd680000, 0x000000076b500000)
  object space 188928K, 41% used [0x00000006c1e00000,0x00000006c6b05e48,0x00000006cd680000)
 Metaspace       used 20522K, capacity 21808K, committed 22016K, reserved 1069056K
  class space    used 2796K, capacity 3053K, committed 3072K, reserved 1048576K
GC Heap History (10 events):
Event: 4.701 GC heap before
{Heap before GC invocations=5 (full 1):
 PSYoungGen      total 141824K, used 10745K [0x000000076b500000, 0x0000000774a00000, 0x00000007c0000000)
  eden space 131072K, 0% used [0x000000076b500000,0x000000076b500000,0x0000000773500000)
  from space 10752K, 99% used [0x0000000773f80000,0x00000007749fe550,0x0000000774a00000)
  to   space 10752K, 0% used [0x0000000773500000,0x0000000773500000,0x0000000773f80000)
 ParOldGen       total 175104K, used 133283K [0x00000006c1e00000, 0x00000006cc900000, 0x000000076b500000)
  object space 175104K, 76% used [0x00000006c1e00000,0x00000006ca028ee8,0x00000006cc900000)
 Metaspace       used 19235K, capacity 20302K, committed 20352K, reserved 1067008K
  class space    used 2696K, capacity 2895K, committed 2944K, reserved 1048576K
Event: 4.767 GC heap after
Heap after GC invocations=5 (full 1):
 PSYoungGen      total 141824K, used 0K [0x000000076b500000, 0x0000000774a00000, 0x00000007c0000000)
  eden space 131072K, 0% used [0x000000076b500000,0x000000076b500000,0x0000000773500000)
  from space 10752K, 0% used [0x0000000773f80000,0x0000000773f80000,0x0000000774a00000)
  to   space 10752K, 0% used [0x0000000773500000,0x0000000773500000,0x0000000773f80000)
 ParOldGen       total 188928K, used 34368K [0x00000006c1e00000, 0x00000006cd680000, 0x000000076b500000)
  object space 188928K, 18% used [0x00000006c1e00000,0x00000006c3f90150,0x00000006cd680000)
 Metaspace       used 19235K, capacity 20302K, committed 20352K, reserved 1067008K
  class space    used 2696K, capacity 2895K, committed 2944K, reserved 1048576K
}
Event: 11.576 GC heap before
{Heap before GC invocations=6 (full 1):
 PSYoungGen      total 141824K, used 131072K [0x000000076b500000, 0x0000000774a00000, 0x00000007c0000000)
  eden space 131072K, 100% used [0x000000076b500000,0x0000000773500000,0x0000000773500000)
  from space 10752K, 0% used [0x0000000773f80000,0x0000000773f80000,0x0000000774a00000)
  to   space 10752K, 0% used [0x0000000773500000,0x0000000773500000,0x0000000773f80000)
 ParOldGen       total 188928K, used 34368K [0x00000006c1e00000, 0x00000006cd680000, 0x000000076b500000)
  object space 188928K, 18% used [0x00000006c1e00000,0x00000006c3f90150,0x00000006cd680000)
 Metaspace       used 19985K, capacity 21122K, committed 21248K, reserved 1067008K
  class space    used 2762K, capacity 2991K, committed 3072K, reserved 1048576K
Event: 11.602 GC heap after
Heap after GC invocations=6 (full 1):
 PSYoungGen      total 141824K, used 10748K [0x000000076b500000, 0x0000000781600000, 0x00000007c0000000)
  eden space 131072K, 0% used [0x000000076b500000,0x000000076b500000,0x0000000773500000)
  from space 10752K, 99% used [0x0000000773500000,0x0000000773f7f040,0x0000000773f80000)
  to   space 72704K, 0% used [0x000000077cf00000,0x000000077cf00000,0x0000000781600000)
 ParOldGen       total 188928K, used 66942K [0x00000006c1e00000, 0x00000006cd680000, 0x000000076b500000)
  object space 188928K, 35% used [0x00000006c1e00000,0x00000006c5f5f840,0x00000006cd680000)
 Metaspace       used 19985K, capacity 21122K, committed 21248K, reserved 1067008K
  class space    used 2762K, capacity 2991K, committed 3072K, reserved 1048576K
}
Event: 12.878 GC heap before
{Heap before GC invocations=7 (full 1):
 PSYoungGen      total 141824K, used 141820K [0x000000076b500000, 0x0000000781600000, 0x00000007c0000000)
  eden space 131072K, 100% used [0x000000076b500000,0x0000000773500000,0x0000000773500000)
  from space 10752K, 99% used [0x0000000773500000,0x0000000773f7f040,0x0000000773f80000)
  to   space 72704K, 0% used [0x000000077cf00000,0x000000077cf00000,0x0000000781600000)
 ParOldGen       total 188928K, used 66942K [0x00000006c1e00000, 0x00000006cd680000, 0x000000076b500000)
  object space 188928K, 35% used [0x00000006c1e00000,0x00000006c5f5f840,0x00000006cd680000)
 Metaspace       used 19985K, capacity 21122K, committed 21248K, reserved 1067008K
  class space    used 2762K, capacity 2991K, committed 3072K, reserved 1048576K
Event: 12.924 GC heap after
Heap after GC invocations=7 (full 1):
 PSYoungGen      total 275968K, used 72700K [0x000000076b500000, 0x0000000783180000, 0x00000007c0000000)
  eden space 203264K, 0% used [0x000000076b500000,0x000000076b500000,0x0000000777b80000)
  from space 72704K, 99% used [0x000000077cf00000,0x00000007815ff040,0x0000000781600000)
  to   space 85504K, 0% used [0x0000000777b80000,0x0000000777b80000,0x000000077cf00000)
 ParOldGen       total 188928K, used 69334K [0x00000006c1e00000, 0x00000006cd680000, 0x000000076b500000)
  object space 188928K, 36% used [0x00000006c1e00000,0x00000006c61b5840,0x00000006cd680000)
 Metaspace       used 19985K, capacity 21122K, committed 21248K, reserved 1067008K
  class space    used 2762K, capacity 2991K, committed 3072K, reserved 1048576K
}
Event: 14.918 GC heap before
{Heap before GC invocations=8 (full 1):
 PSYoungGen      total 275968K, used 275964K [0x000000076b500000, 0x0000000783180000, 0x00000007c0000000)
  eden space 203264K, 100% used [0x000000076b500000,0x0000000777b80000,0x0000000777b80000)
  from space 72704K, 99% used [0x000000077cf00000,0x00000007815ff040,0x0000000781600000)
  to   space 85504K, 0% used [0x0000000777b80000,0x0000000777b80000,0x000000077cf00000)
 ParOldGen       total 188928K, used 69334K [0x00000006c1e00000, 0x00000006cd680000, 0x000000076b500000)
  object space 188928K, 36% used [0x00000006c1e00000,0x00000006c61b5840,0x00000006cd680000)
 Metaspace       used 20060K, capacity 21210K, committed 21504K, reserved 1067008K
  class space    used 2767K, capacity 2995K, committed 3072K, reserved 1048576K
Event: 14.954 GC heap after
Heap after GC invocations=8 (full 1):
 PSYoungGen      total 288768K, used 70620K [0x000000076b500000, 0x000000078ae80000, 0x00000007c0000000)
  eden space 203264K, 0% used [0x000000076b500000,0x000000076b500000,0x0000000777b80000)
  from space 85504K, 82% used [0x0000000777b80000,0x000000077c077040,0x000000077cf00000)
  to   space 91648K, 0% used [0x0000000785500000,0x0000000785500000,0x000000078ae80000)
 ParOldGen       total 188928K, used 69342K [0x00000006c1e00000, 0x00000006cd680000, 0x000000076b500000)
  object space 188928K, 36% used [0x00000006c1e00000,0x00000006c61b7840,0x00000006cd680000)
 Metaspace       used 20060K, capacity 21210K, committed 21504K, reserved 1067008K
  class space    used 2767K, capacity 2995K, committed 3072K, reserved 1048576K
}
Event: 17.295 GC heap before
{Heap before GC invocations=9 (full 1):
 PSYoungGen      total 288768K, used 273884K [0x000000076b500000, 0x000000078ae80000, 0x00000007c0000000)
  eden space 203264K, 100% used [0x000000076b500000,0x0000000777b80000,0x0000000777b80000)
  from space 85504K, 82% used [0x0000000777b80000,0x000000077c077040,0x000000077cf00000)
  to   space 91648K, 0% used [0x0000000785500000,0x0000000785500000,0x000000078ae80000)
 ParOldGen       total 188928K, used 69342K [0x00000006c1e00000, 0x00000006cd680000, 0x000000076b500000)
  object space 188928K, 36% used [0x00000006c1e00000,0x00000006c61b7840,0x00000006cd680000)
 Metaspace       used 20356K, capacity 21648K, committed 21760K, reserved 1069056K
  class space    used 2791K, capacity 3043K, committed 3072K, reserved 1048576K
Event: 17.366 GC heap after
Heap after GC invocations=9 (full 1):
 PSYoungGen      total 294912K, used 91632K [0x000000076b500000, 0x000000078ae80000, 0x00000007c0000000)
  eden space 203264K, 0% used [0x000000076b500000,0x000000076b500000,0x0000000777b80000)
  from space 91648K, 99% used [0x0000000785500000,0x000000078ae7c050,0x000000078ae80000)
  to   space 85504K, 0% used [0x0000000777b80000,0x0000000777b80000,0x000000077cf00000)
 ParOldGen       total 188928K, used 78871K [0x00000006c1e00000, 0x00000006cd680000, 0x000000076b500000)
  object space 188928K, 41% used [0x00000006c1e00000,0x00000006c6b05e48,0x00000006cd680000)
 Metaspace       used 20356K, capacity 21648K, committed 21760K, reserved 1069056K
  class space    used 2791K, capacity 3043K, committed 3072K, reserved 1048576K
}

